d:\documents\programs\graphics\raytracing\x64\release\vc142.pdb
d:\documents\programs\graphics\raytracing\x64\release\threading.obj
d:\documents\programs\graphics\raytracing\x64\release\bitmapimage.obj
d:\documents\programs\graphics\raytracing\x64\release\main.obj
d:\documents\programs\graphics\raytracing\x64\release\triangle.obj
d:\documents\programs\graphics\raytracing\x64\release\sphere.obj
d:\documents\programs\graphics\raytracing\x64\release\scene.obj
d:\documents\programs\graphics\raytracing\x64\release\rectangle3d.obj
d:\documents\programs\graphics\raytracing\x64\release\plane.obj
d:\documents\programs\graphics\raytracing\x64\release\mesh.obj
d:\documents\programs\graphics\raytracing\x64\release\material.obj
d:\documents\programs\graphics\raytracing\x64\release\camera.obj
d:\documents\programs\graphics\raytracing\x64\release\raytracing.pdb
d:\documents\programs\graphics\raytracing\x64\release\raytracing.tlog\cl.command.1.tlog
d:\documents\programs\graphics\raytracing\x64\release\raytracing.tlog\cl.read.1.tlog
d:\documents\programs\graphics\raytracing\x64\release\raytracing.tlog\cl.write.1.tlog
d:\documents\programs\graphics\raytracing\x64\release\raytracing.tlog\link-cvtres.read.1.tlog
d:\documents\programs\graphics\raytracing\x64\release\raytracing.tlog\link-cvtres.write.1.tlog
d:\documents\programs\graphics\raytracing\x64\release\raytracing.tlog\link-rc.read.1.tlog
d:\documents\programs\graphics\raytracing\x64\release\raytracing.tlog\link-rc.write.1.tlog
d:\documents\programs\graphics\raytracing\x64\release\raytracing.tlog\link.command.1.tlog
d:\documents\programs\graphics\raytracing\x64\release\raytracing.tlog\link.read.1.tlog
d:\documents\programs\graphics\raytracing\x64\release\raytracing.tlog\link.write.1.tlog
