  main.cpp
D:\Documents\Programs\Graphics\Raytracing\math\Vector.h(235,57): warning C4305: 'argument': truncation from 'double' to 'const float'
D:\Documents\Programs\Graphics\Raytracing\math\Vector.h(236,57): warning C4305: 'argument': truncation from 'double' to 'const float'
D:\Documents\Programs\Graphics\Raytracing\math\Vector.h(248,17): warning C4244: 'initializing': conversion from 'scalar' to 'float', possible loss of data
D:\Documents\Programs\Graphics\Raytracing\main.cpp(34,36): warning C4244: 'initializing': conversion from 'double' to 'float', possible loss of data
D:\Documents\Programs\Graphics\Raytracing\main.cpp(34,21): warning C4244: 'initializing': conversion from 'double' to 'const float', possible loss of data
D:\Documents\Programs\Graphics\Raytracing\main.cpp(46,7): warning C4305: 'argument': truncation from 'double' to 'const float'
D:\Documents\Programs\Graphics\Raytracing\main.cpp(94,56): warning C4244: 'argument': conversion from 'double' to 'float', possible loss of data
D:\Documents\Programs\Graphics\Raytracing\main.cpp(94,53): warning C4244: 'argument': conversion from 'double' to 'float', possible loss of data
D:\Documents\Programs\Graphics\Raytracing\main.cpp(145,60): warning C4244: 'argument': conversion from 'double' to 'float', possible loss of data
D:\Documents\Programs\Graphics\Raytracing\main.cpp(145,57): warning C4244: 'argument': conversion from 'double' to 'float', possible loss of data
D:\Documents\Programs\Graphics\Raytracing\math\Vector.h(211,29): warning C4244: 'initializing': conversion from 'double' to 'float', possible loss of data
D:\Documents\Programs\Graphics\Raytracing\math\Vector.h(224): message : see reference to function template instantiation 'Vector<3> operator /<3>(const Vector<3> &,const scalar)' being compiled
D:\Documents\Programs\Graphics\Raytracing\math\Vector.h(247): message : see reference to function template instantiation 'Vector<3> normalize<3>(const Vector<3> &)' being compiled
D:\Documents\Programs\Graphics\Raytracing\math\Vector.h(211,23): warning C4244: 'initializing': conversion from 'double' to 'const float', possible loss of data
  BitmapImage.cpp
D:\Documents\Programs\Graphics\Raytracing\util\BitmapImage.cpp(13,25): warning C4996: 'fopen': This function or variable may be unsafe. Consider using fopen_s instead. To disable deprecation, use _CRT_SECURE_NO_WARNINGS. See online help for details.
  Threading.cpp
D:\Documents\Programs\Graphics\Raytracing\math\Vector.h(235,57): warning C4305: 'argument': truncation from 'double' to 'const float'
D:\Documents\Programs\Graphics\Raytracing\math\Vector.h(236,57): warning C4305: 'argument': truncation from 'double' to 'const float'
D:\Documents\Programs\Graphics\Raytracing\math\Vector.h(248,17): warning C4244: 'initializing': conversion from 'scalar' to 'float', possible loss of data
D:\Documents\Programs\Graphics\Raytracing\math\Vector.h(211,29): warning C4244: 'initializing': conversion from 'double' to 'float', possible loss of data
D:\Documents\Programs\Graphics\Raytracing\math\Vector.h(224): message : see reference to function template instantiation 'Vector<3> operator /<3>(const Vector<3> &,const scalar)' being compiled
D:\Documents\Programs\Graphics\Raytracing\math\Vector.h(247): message : see reference to function template instantiation 'Vector<3> normalize<3>(const Vector<3> &)' being compiled
D:\Documents\Programs\Graphics\Raytracing\math\Vector.h(211,23): warning C4244: 'initializing': conversion from 'double' to 'const float', possible loss of data
  Generating Code...
MSVCRTD.lib(exe_winmain.obj) : error LNK2019: unresolved external symbol _WinMain@16 referenced in function "int __cdecl invoke_main(void)" (?invoke_main@@YAHXZ)
D:\Documents\Programs\Graphics\Raytracing\Debug\Raytracing.exe : fatal error LNK1120: 1 unresolved externals
