  Material.cpp
  Mesh.cpp
  Plane.cpp
  Rectangle3D.cpp
  Scene.cpp
D:\Documents\Programs\Graphics\Raytracing\graphics\Scene.cpp(162,21): warning C4477: 'printf' : format string '%u' requires an argument of type 'unsigned int', but variadic argument 1 has type 'size_t'
D:\Documents\Programs\Graphics\Raytracing\graphics\Scene.cpp(162,21): message : consider using '%zu' in the format string
D:\Documents\Programs\Graphics\Raytracing\graphics\Scene.cpp(162,21): warning C4477: 'printf' : format string '%u' requires an argument of type 'unsigned int', but variadic argument 2 has type 'size_t'
D:\Documents\Programs\Graphics\Raytracing\graphics\Scene.cpp(162,21): message : consider using '%zu' in the format string
D:\Documents\Programs\Graphics\Raytracing\graphics\Scene.cpp(163,21): warning C4477: 'printf' : format string '%u' requires an argument of type 'unsigned int', but variadic argument 1 has type 'size_t'
D:\Documents\Programs\Graphics\Raytracing\graphics\Scene.cpp(163,21): message : consider using '%zu' in the format string
D:\Documents\Programs\Graphics\Raytracing\graphics\Scene.cpp(163,21): warning C4477: 'printf' : format string '%u' requires an argument of type 'unsigned int', but variadic argument 2 has type 'size_t'
D:\Documents\Programs\Graphics\Raytracing\graphics\Scene.cpp(163,21): message : consider using '%zu' in the format string
D:\Documents\Programs\Graphics\Raytracing\graphics\Scene.cpp(164,21): warning C4477: 'printf' : format string '%u' requires an argument of type 'unsigned int', but variadic argument 1 has type 'size_t'
D:\Documents\Programs\Graphics\Raytracing\graphics\Scene.cpp(164,21): message : consider using '%zu' in the format string
D:\Documents\Programs\Graphics\Raytracing\graphics\Scene.cpp(164,21): warning C4477: 'printf' : format string '%u' requires an argument of type 'unsigned int', but variadic argument 2 has type 'size_t'
D:\Documents\Programs\Graphics\Raytracing\graphics\Scene.cpp(164,21): message : consider using '%zu' in the format string
D:\Documents\Programs\Graphics\Raytracing\graphics\Scene.cpp(165,21): warning C4477: 'printf' : format string '%u' requires an argument of type 'unsigned int', but variadic argument 1 has type 'size_t'
D:\Documents\Programs\Graphics\Raytracing\graphics\Scene.cpp(165,21): message : consider using '%zu' in the format string
D:\Documents\Programs\Graphics\Raytracing\graphics\Scene.cpp(165,21): warning C4477: 'printf' : format string '%u' requires an argument of type 'unsigned int', but variadic argument 2 has type 'size_t'
D:\Documents\Programs\Graphics\Raytracing\graphics\Scene.cpp(165,21): message : consider using '%zu' in the format string
  Sphere.cpp
  Triangle.cpp
  main.cpp
D:\Documents\Programs\Graphics\Raytracing\main.cpp(310,23): error C2589: '(': illegal token on right side of '::'
D:\Documents\Programs\Graphics\Raytracing\main.cpp(310): error C2062: type 'unknown-type' unexpected
D:\Documents\Programs\Graphics\Raytracing\main.cpp(310,23): error C2059: syntax error: ')'
D:\Documents\Programs\Graphics\Raytracing\main.cpp(311,23): error C2589: '(': illegal token on right side of '::'
D:\Documents\Programs\Graphics\Raytracing\main.cpp(311): error C2062: type 'unknown-type' unexpected
D:\Documents\Programs\Graphics\Raytracing\main.cpp(311,23): error C2059: syntax error: ')'
D:\Documents\Programs\Graphics\Raytracing\main.cpp(312,23): error C2589: '(': illegal token on right side of '::'
D:\Documents\Programs\Graphics\Raytracing\main.cpp(312): error C2062: type 'unknown-type' unexpected
D:\Documents\Programs\Graphics\Raytracing\main.cpp(312,23): error C2059: syntax error: ')'
  Threading.cpp
  Generating Code...
